<?xml version="1.0" encoding="UTF-8"?>
<!-- Generated by org.testng.reporters.JUnitReportReporter -->
<testsuite skipped="4" hostname="DESKTOP-B4MBJ5N" name="com.tests.BasePageTest" tests="5" failures="0" timestamp="2021-02-24T17:35:08 IST" time="-1614168320.000" errors="1">
  <testcase name="baseTest1" time="0.000" classname="com.tests.BasePageTest">
    <skipped/>
  </testcase> <!-- baseTest1 -->
  <system-out/>
  <testcase name="baseTest2" time="0.000" classname="com.tests.BasePageTest">
    <skipped/>
  </testcase> <!-- baseTest2 -->
  <system-out/>
  <testcase name="verifyHomePage" time="0.000" classname="com.tests.BasePageTest">
    <skipped/>
  </testcase> <!-- verifyHomePage -->
  <system-out/>
  <testcase name="baseTest3" time="0.000" classname="com.tests.BasePageTest">
    <skipped/>
  </testcase> <!-- baseTest3 -->
  <system-out/>
  <testcase name="initializeTestBaseSetup" time="-1614168320.000" classname="com.tests.BasePageTest">
    <error type="org.testng.TestNGException" message="
Parameter &#039;browserType&#039; is required by BeforeClass on method initializeTestBaseSetup but has not been marked @Optional or defined
in C:\Users\admin\AppData\Local\Temp\testng-eclipse--1310278332\testng-customsuite.xml">
      <![CDATA[org.testng.TestNGException: 
Parameter 'browserType' is required by BeforeClass on method initializeTestBaseSetup but has not been marked @Optional or defined
in C:\Users\admin\AppData\Local\Temp\testng-eclipse--1310278332\testng-customsuite.xml
at org.testng.internal.Parameters.createParams(Parameters.java:268)
at org.testng.internal.Parameters.createParametersForMethod(Parameters.java:356)
at org.testng.internal.Parameters.createParameters(Parameters.java:700)
at org.testng.internal.Parameters.createConfigurationParameters(Parameters.java:166)
at org.testng.internal.ConfigInvoker.invokeConfigurations(ConfigInvoker.java:301)
at org.testng.internal.TestMethodWorker.invokeBeforeClassMethods(TestMethodWorker.java:176)
at org.testng.internal.TestMethodWorker.run(TestMethodWorker.java:122)
at java.util.ArrayList.forEach(ArrayList.java:1259)
at org.testng.TestRunner.privateRun(TestRunner.java:764)
at org.testng.TestRunner.run(TestRunner.java:585)
at org.testng.SuiteRunner.runTest(SuiteRunner.java:384)
at org.testng.SuiteRunner.runSequentially(SuiteRunner.java:378)
at org.testng.SuiteRunner.privateRun(SuiteRunner.java:337)
at org.testng.SuiteRunner.run(SuiteRunner.java:286)
at org.testng.SuiteRunnerWorker.runSuite(SuiteRunnerWorker.java:53)
at org.testng.SuiteRunnerWorker.run(SuiteRunnerWorker.java:96)
at org.testng.TestNG.runSuitesSequentially(TestNG.java:1218)
at org.testng.TestNG.runSuitesLocally(TestNG.java:1140)
at org.testng.TestNG.runSuites(TestNG.java:1069)
at org.testng.TestNG.run(TestNG.java:1037)
at org.testng.remote.AbstractRemoteTestNG.run(AbstractRemoteTestNG.java:115)
at org.testng.remote.RemoteTestNG.initAndRun(RemoteTestNG.java:251)
at org.testng.remote.RemoteTestNG.main(RemoteTestNG.java:77)
]]>
    </error>
  </testcase> <!-- initializeTestBaseSetup -->
  <system-out/>
</testsuite> <!-- com.tests.BasePageTest -->
